\BOOKMARK [1][-]{section*.4}{Introduction}{}% 1
\BOOKMARK [1][-]{section.1}{Research Questions}{}% 2
\BOOKMARK [1][-]{section.2}{Related work}{}% 3
\BOOKMARK [1][-]{section.3}{Experimental installation requirements}{}% 4
\BOOKMARK [1][-]{section.4}{Information Retrieval System}{}% 5
\BOOKMARK [2][-]{subsection.4.1}{Defining reliable sources}{section.4}% 6
\BOOKMARK [2][-]{section*.5}{Phishtank}{section.4}% 7
\BOOKMARK [3][-]{subsubsection.4.1.1}{API Investigation/Inspection}{section*.5}% 8
\BOOKMARK [3][-]{subsubsection.4.1.2}{Collecting data}{section*.5}% 9
\BOOKMARK [3][-]{subsubsection.4.1.3}{Implementation}{section*.5}% 10
\BOOKMARK [2][-]{section*.6}{Pastebin}{section.4}% 11
\BOOKMARK [3][-]{subsubsection.4.1.4}{API Investigation}{section*.6}% 12
\BOOKMARK [3][-]{subsubsection.4.1.5}{Collecting data}{section*.6}% 13
\BOOKMARK [3][-]{subsubsection.4.1.6}{Implementation}{section*.6}% 14
\BOOKMARK [2][-]{section*.7}{Twitter}{section.4}% 15
\BOOKMARK [3][-]{subsubsection.4.1.7}{API Investigation}{section*.7}% 16
\BOOKMARK [3][-]{subsubsection.4.1.8}{Collecting data}{section*.7}% 17
\BOOKMARK [3][-]{subsubsection.4.1.9}{Implementation}{section*.7}% 18
\BOOKMARK [2][-]{section*.8}{Reddit}{section.4}% 19
\BOOKMARK [3][-]{subsubsection.4.1.10}{API Investigation}{section*.8}% 20
\BOOKMARK [3][-]{subsubsection.4.1.11}{Collecting data}{section*.8}% 21
\BOOKMARK [3][-]{subsubsection.4.1.12}{Implementation}{section*.8}% 22
\BOOKMARK [1][-]{section.5}{Data Analyse}{}% 23
\BOOKMARK [2][-]{subsection.5.1}{Threat Types/What are we looking for? Security related data}{section.5}% 24
\BOOKMARK [2][-]{subsection.5.2}{Defining data mining model}{section.5}% 25
\BOOKMARK [2][-]{subsection.5.3}{Implementation}{section.5}% 26
\BOOKMARK [1][-]{section*.9}{Conclusions}{}% 27
\BOOKMARK [1][-]{section*.10}{Implications}{}% 28
\BOOKMARK [1][-]{section*.11}{Further Research}{}% 29
\BOOKMARK [1][-]{section*.12}{Ethical implications}{}% 30
